[GameText] Updated text: "You use the small brass key to..."
[PlayerOption] Removed: id=17676830583232zuz3, label="Unlock basement door"
[PlayerOption] Removed: id=1767683058322j0ci4, label="Check the fridge"
[PlayerOption] Removed: id=1767683058322n5p33, label="Go to the living room"
[PlayerOption] Added: id=17676830615251msvh, label="Return to the kitchen"
[PlayerOption] Added: id=1767683061525xdatk, label="Descend into the basement"
[PlayerOption] Removed: id=1767683061525xdatk, label="Descend into the basement"
[PlayerOption] Removed: id=17676830615251msvh, label="Return to the kitchen"
[PlayerOption] Added: id=1767683067484m9q3s, label="Go to the living room"
[PlayerOption] Added: id=1767683067484spkac, label="Check the fridge"
[PlayerOption] Added: id=1767683067485q5t5g, label="Go to the basement"

[2026-01-06T07:05:09.056Z] App launched.
[GameText] Updated text: "You wake up in your grandfathe..."
[PlayerOption] Added: id=17676831093097llq0, label="Look outside"
[GameText] Updated text: "Suddenly, a loud alarm blares ..."
[PlayerOption] Removed: id=17676831093097llq0, label="Look outside"
[PlayerOption] Added: id=1767683110056c04u5, label="Explore the house"
[PlayerOption] Removed: id=1767683110056c04u5, label="Explore the house"
[GameText] Updated text: "You are in the living room. Th..."
[PlayerOption] Added: id=1767683110487zeix4, label="Go to the kitchen"
[PlayerOption] Added: id=1767683110487chhq8, label="Go to the study"
[PlayerOption] Added: id=176768311048874l36, label="Check photos"
[GameText] Updated text: "You step closer to the wall, e..."
[GameText] Updated text: "

The key looks important. You..."
[PlayerOption] Removed: id=176768311048874l36, label="Check photos"
[PlayerOption] Added: id=1767683111046w5839, label="Take the key"
[Inventory] Added item: "Small Brass Key" at (0,0)
[GameText] Updated text: "You carefully peel the key fro..."
[PlayerOption] Removed: id=1767683111046w5839, label="Take the key"
[PlayerOption] Added: id=1767683111510o5svi, label="Check photos"
[PlayerOption] Removed: id=1767683111510o5svi, label="Check photos"
[PlayerOption] Removed: id=1767683110487chhq8, label="Go to the study"
[PlayerOption] Removed: id=1767683110487zeix4, label="Go to the kitchen"
[PlayerOption] Added: id=17676831119851subf, label="Go to the living room"
[PlayerOption] Added: id=17676831119855m6dt, label="Check the fridge"
[GameText] Updated text: "You are in the kitchen. The sm..."
[PlayerOption] Added: id=176768311198668nqs, label="Examine basement door"
[DEBUG] Player has key in inventory: true
[PlayerOption] Removed: id=176768311198668nqs, label="Examine basement door"
[PlayerOption] Removed: id=17676831119855m6dt, label="Check the fridge"
[PlayerOption] Removed: id=17676831119851subf, label="Go to the living room"
[PlayerOption] Added: id=1767683112588edm9a, label="Go to the living room"
[PlayerOption] Added: id=176768311258984t2h, label="Check the fridge"
[GameText] Updated text: "You are in the kitchen. The sm..."
[PlayerOption] Added: id=1767683112589h3aqt, label="Unlock basement door"
[GameText] Updated text: "You use the small brass key to..."
[PlayerOption] Removed: id=1767683112589h3aqt, label="Unlock basement door"
[PlayerOption] Removed: id=176768311258984t2h, label="Check the fridge"
[PlayerOption] Removed: id=1767683112588edm9a, label="Go to the living room"
[PlayerOption] Added: id=1767683113085l2viu, label="Return to the kitchen"
[PlayerOption] Added: id=17676831130864qe3f, label="Descend into the basement"
[PlayerOption] Removed: id=17676831130864qe3f, label="Descend into the basement"
[PlayerOption] Removed: id=1767683113085l2viu, label="Return to the kitchen"
[PlayerOption] Added: id=1767683115032ktg03, label="Go to the living room"
[PlayerOption] Added: id=1767683115032ijw1b, label="Check the fridge"
[GameText] Updated text: "You are in the kitchen. The sm..."
[PlayerOption] Added: id=17676831150333xyeb, label="Go to the basement"
[GameText] Updated text: "A dark staircase descends into..."
[PlayerOption] Removed: id=17676831150333xyeb, label="Go to the basement"
[PlayerOption] Removed: id=1767683115032ijw1b, label="Check the fridge"
[PlayerOption] Removed: id=1767683115032ktg03, label="Go to the living room"
[PlayerOption] Added: id=1767683122380q6ps0, label="Return to the kitchen"
[PlayerOption] Added: id=1767683122380awnb4, label="Descend into the basement"
[PlayerOption] Removed: id=1767683122380awnb4, label="Descend into the basement"
[PlayerOption] Removed: id=1767683122380q6ps0, label="Return to the kitchen"
[PlayerOption] Added: id=1767683134896np5e5, label="Go to the living room"
[PlayerOption] Added: id=17676831348961p9gb, label="Check the fridge"
[GameText] Updated text: "You are in the kitchen. The sm..."
[PlayerOption] Added: id=1767683134897urwsr, label="Go to the basement"

[2026-01-06T07:05:52.978Z] App launched.
[GameText] Updated text: "You wake up in your grandfathe..."
[PlayerOption] Added: id=176768315325697338, label="Look outside"
[GameText] Updated text: "Suddenly, a loud alarm blares ..."
[PlayerOption] Removed: id=176768315325697338, label="Look outside"
[PlayerOption] Added: id=1767683153694bnint, label="Explore the house"
[PlayerOption] Removed: id=1767683153694bnint, label="Explore the house"
[GameText] Updated text: "You are in the living room. Th..."
[PlayerOption] Added: id=176768315409176tec, label="Go to the kitchen"
[PlayerOption] Added: id=17676831540916rf0h, label="Go to the study"
[PlayerOption] Added: id=17676831540918fnz4, label="Check photos"
[GameText] Updated text: "You step closer to the wall, e..."
[GameText] Updated text: "

The key looks important. You..."
[PlayerOption] Removed: id=17676831540918fnz4, label="Check photos"
[PlayerOption] Added: id=1767683154587kp71e, label="Take the key"
[Inventory] Added item: "Small Brass Key" at (0,0)
[GameText] Updated text: "You carefully peel the key fro..."
[PlayerOption] Removed: id=1767683154587kp71e, label="Take the key"
[PlayerOption] Added: id=17676831550988yzs1, label="Check photos"
[PlayerOption] Removed: id=17676831550988yzs1, label="Check photos"
[PlayerOption] Removed: id=17676831540916rf0h, label="Go to the study"
[PlayerOption] Removed: id=176768315409176tec, label="Go to the kitchen"
[PlayerOption] Added: id=1767683155520i2s8w, label="Go to the living room"
[PlayerOption] Added: id=17676831555201xtp0, label="Check the fridge"
[GameText] Updated text: "You are in the kitchen. The sm..."
[PlayerOption] Added: id=1767683155520ftz1q, label="Examine basement door"
[DEBUG] Player has key in inventory: true
[PlayerOption] Removed: id=1767683155520ftz1q, label="Examine basement door"
[PlayerOption] Removed: id=17676831555201xtp0, label="Check the fridge"
[PlayerOption] Removed: id=1767683155520i2s8w, label="Go to the living room"
[PlayerOption] Added: id=1767683155978tthmh, label="Go to the living room"
[PlayerOption] Added: id=1767683155978pd5dz, label="Check the fridge"
[GameText] Updated text: "You are in the kitchen. The sm..."
[PlayerOption] Added: id=17676831559793uv1v, label="Unlock basement door"
[GameText] Updated text: "You use the small brass key to..."
[PlayerOption] Removed: id=17676831559793uv1v, label="Unlock basement door"
[PlayerOption] Removed: id=1767683155978pd5dz, label="Check the fridge"
[PlayerOption] Removed: id=1767683155978tthmh, label="Go to the living room"
[PlayerOption] Added: id=1767683156455ieq8y, label="Return to the kitchen"
[PlayerOption] Added: id=17676831564555zw5i, label="Descend into the basement"
[PlayerOption] Removed: id=17676831564555zw5i, label="Descend into the basement"
[PlayerOption] Removed: id=1767683156455ieq8y, label="Return to the kitchen"
[PlayerOption] Added: id=17676831588928gy5v, label="Go to the living room"
[PlayerOption] Added: id=1767683158892mr5s4, label="Check the fridge"
[GameText] Updated text: "You are in the kitchen. The sm..."
[PlayerOption] Added: id=1767683158893prss8, label="Go to the basement"
[GameText] Updated text: "A dark staircase descends into..."
[PlayerOption] Removed: id=1767683158893prss8, label="Go to the basement"
[PlayerOption] Removed: id=1767683158892mr5s4, label="Check the fridge"
[PlayerOption] Removed: id=17676831588928gy5v, label="Go to the living room"
[PlayerOption] Added: id=176768316041832paf, label="Return to the kitchen"
[PlayerOption] Added: id=1767683160418rw24x, label="Descend into the basement"
[GameText] Updated text: "You gather your courage and st..."
[PlayerOption] Removed: id=1767683160418rw24x, label="Descend into the basement"
[PlayerOption] Removed: id=176768316041832paf, label="Return to the kitchen"

[2026-01-06T07:06:27.099Z] App launched.
[GameText] Updated text: "You wake up in your grandfathe..."
[PlayerOption] Added: id=1767683187350xdw9h, label="Look outside"
[GameText] Updated text: "Suddenly, a loud alarm blares ..."
[PlayerOption] Removed: id=1767683187350xdw9h, label="Look outside"
[PlayerOption] Added: id=1767683188320j44fo, label="Explore the house"
[PlayerOption] Removed: id=1767683188320j44fo, label="Explore the house"
[GameText] Updated text: "You are in the living room. Th..."
[PlayerOption] Added: id=1767683188833790ez, label="Go to the kitchen"
[PlayerOption] Added: id=1767683188834j7jah, label="Go to the study"
[PlayerOption] Added: id=1767683188834oin8s, label="Check photos"
[GameText] Updated text: "You step closer to the wall, e..."
[GameText] Updated text: "

The key looks important. You..."
[PlayerOption] Removed: id=1767683188834oin8s, label="Check photos"
[PlayerOption] Added: id=1767683189377tai5z, label="Take the key"
[PlayerOption] Removed: id=1767683189377tai5z, label="Take the key"
[PlayerOption] Removed: id=1767683188834j7jah, label="Go to the study"
[PlayerOption] Removed: id=1767683188833790ez, label="Go to the kitchen"
[PlayerOption] Added: id=1767683189826nxl1y, label="Go to the living room"
[PlayerOption] Added: id=1767683189827o4n0o, label="Check the fridge"
[GameText] Updated text: "You are in the kitchen. The sm..."
[PlayerOption] Added: id=1767683189827i3dz1, label="Examine basement door"
[PlayerOption] Removed: id=1767683189827i3dz1, label="Examine basement door"
[PlayerOption] Removed: id=1767683189827o4n0o, label="Check the fridge"
[PlayerOption] Removed: id=1767683189826nxl1y, label="Go to the living room"
[GameText] Updated text: "You are in the living room. Th..."
[PlayerOption] Added: id=1767683191192nt9cs, label="Go to the kitchen"
[PlayerOption] Added: id=1767683191193mdygu, label="Go to the study"
[PlayerOption] Added: id=1767683191193ulx7h, label="Check photos"
[GameText] Updated text: "You step closer to the wall, e..."
[GameText] Updated text: "

The key looks important. You..."
[PlayerOption] Removed: id=1767683191193ulx7h, label="Check photos"
[PlayerOption] Added: id=1767683191611h2ih3, label="Take the key"
[Inventory] Added item: "Small Brass Key" at (0,0)
[GameText] Updated text: "You carefully peel the key fro..."
[PlayerOption] Removed: id=1767683191611h2ih3, label="Take the key"
[PlayerOption] Added: id=1767683192178ys3j3, label="Check photos"
[PlayerOption] Removed: id=1767683192178ys3j3, label="Check photos"
[PlayerOption] Removed: id=1767683191193mdygu, label="Go to the study"
[PlayerOption] Removed: id=1767683191192nt9cs, label="Go to the kitchen"
[PlayerOption] Added: id=176768319276267t39, label="Go to the living room"
[PlayerOption] Added: id=1767683192762e11ks, label="Check the fridge"
[GameText] Updated text: "You are in the kitchen. The sm..."
[PlayerOption] Added: id=1767683192763neegq, label="Examine basement door"
[DEBUG] Player has key in inventory: true
[PlayerOption] Removed: id=1767683192763neegq, label="Examine basement door"
[PlayerOption] Removed: id=1767683192762e11ks, label="Check the fridge"
[PlayerOption] Removed: id=176768319276267t39, label="Go to the living room"
[PlayerOption] Added: id=1767683193918j678y, label="Go to the living room"
[PlayerOption] Added: id=1767683193918mo56w, label="Check the fridge"
[GameText] Updated text: "You are in the kitchen. The sm..."
[PlayerOption] Added: id=1767683193918zxb5u, label="Unlock basement door"
[GameText] Updated text: "You use the small brass key to..."
[PlayerOption] Removed: id=1767683193918zxb5u, label="Unlock basement door"
[PlayerOption] Removed: id=1767683193918mo56w, label="Check the fridge"
[PlayerOption] Removed: id=1767683193918j678y, label="Go to the living room"
[PlayerOption] Added: id=1767683194870bzgc2, label="Return to the kitchen"
[PlayerOption] Added: id=17676831948703mvh8, label="Descend into the basement"
[GameText] Updated text: "You gather your courage and st..."
[PlayerOption] Removed: id=17676831948703mvh8, label="Descend into the basement"
[PlayerOption] Removed: id=1767683194870bzgc2, label="Return to the kitchen"

[2026-01-06T07:13:01.208Z] App launched.
[GameText] Updated text: "You wake up in your grandfathe..."
[PlayerOption] Added: id=1767683581462948p8, label="Look outside"
[GameText] Updated text: "Suddenly, a loud alarm blares ..."
[PlayerOption] Removed: id=1767683581462948p8, label="Look outside"
[PlayerOption] Added: id=1767683582052wfams, label="Explore the house"
[PlayerOption] Removed: id=1767683582052wfams, label="Explore the house"
[GameText] Updated text: "You are in the living room. Th..."
[PlayerOption] Added: id=1767683582690vbcx6, label="Go to the kitchen"
[PlayerOption] Added: id=1767683582691u1l7z, label="Go to the study"
[PlayerOption] Added: id=1767683582691zw822, label="Check photos"
[GameText] Updated text: "You step closer to the wall, e..."
[GameText] Updated text: "

The key looks important. You..."
[PlayerOption] Removed: id=1767683582691zw822, label="Check photos"
[PlayerOption] Added: id=17676835844119kd7n, label="Take the key"
[Inventory] Added item: "Small Brass Key" at (0,0)
[GameText] Updated text: "You carefully peel the key fro..."
[PlayerOption] Removed: id=17676835844119kd7n, label="Take the key"
[PlayerOption] Added: id=1767683585099zg6mw, label="Check photos"
[PlayerOption] Removed: id=1767683585099zg6mw, label="Check photos"
[PlayerOption] Removed: id=1767683582691u1l7z, label="Go to the study"
[PlayerOption] Removed: id=1767683582690vbcx6, label="Go to the kitchen"
[PlayerOption] Added: id=1767683585548qyxi1, label="Go to the living room"
[PlayerOption] Added: id=17676835855481unti, label="Check the fridge"
[GameText] Updated text: "You are in the kitchen. The sm..."
[PlayerOption] Added: id=1767683585548iy984, label="Examine basement door"
[DEBUG] Player has key in inventory: true
[PlayerOption] Removed: id=1767683585548iy984, label="Examine basement door"
[PlayerOption] Removed: id=17676835855481unti, label="Check the fridge"
[PlayerOption] Removed: id=1767683585548qyxi1, label="Go to the living room"
[PlayerOption] Added: id=17676835867263uqyb, label="Go to the living room"
[PlayerOption] Added: id=176768358672633vju, label="Check the fridge"
[GameText] Updated text: "You are in the kitchen. The sm..."
[PlayerOption] Added: id=1767683586726u1iz9, label="Unlock basement door"
[GameText] Updated text: "You use the small brass key to..."
[PlayerOption] Removed: id=1767683586726u1iz9, label="Unlock basement door"
[PlayerOption] Removed: id=176768358672633vju, label="Check the fridge"
[PlayerOption] Removed: id=17676835867263uqyb, label="Go to the living room"
[PlayerOption] Added: id=1767683587766jgv3b, label="Return to the kitchen"
[PlayerOption] Added: id=17676835877668ma78, label="Descend into the basement"
[PlayerOption] Removed: id=17676835877668ma78, label="Descend into the basement"
[PlayerOption] Removed: id=1767683587766jgv3b, label="Return to the kitchen"

[2026-01-06T07:13:43.368Z] App launched.
[GameText] Updated text: "You wake up in your grandfathe..."
[PlayerOption] Added: id=1767683623646necoh, label="Look outside"
[GameText] Updated text: "Suddenly, a loud alarm blares ..."
[PlayerOption] Removed: id=1767683623646necoh, label="Look outside"
[PlayerOption] Added: id=1767683625109y2sho, label="Explore the house"
[PlayerOption] Removed: id=1767683625109y2sho, label="Explore the house"
[GameText] Updated text: "You are in the living room. Th..."
[PlayerOption] Added: id=1767683626826a5i7w, label="Go to the kitchen"
[PlayerOption] Added: id=17676836268260flc4, label="Go to the study"
[PlayerOption] Added: id=1767683626826xpxvz, label="Check photos"
[GameText] Updated text: "You step closer to the wall, e..."
[GameText] Updated text: "

The key looks important. You..."
[PlayerOption] Removed: id=1767683626826xpxvz, label="Check photos"
[PlayerOption] Added: id=1767683627339maffm, label="Take the key"
[Inventory] Added item: "Small Brass Key" at (0,0)
[GameText] Updated text: "You carefully peel the key fro..."
[PlayerOption] Removed: id=1767683627339maffm, label="Take the key"
[PlayerOption] Added: id=1767683627976o41it, label="Check photos"
[PlayerOption] Removed: id=1767683627976o41it, label="Check photos"
[PlayerOption] Removed: id=17676836268260flc4, label="Go to the study"
[PlayerOption] Removed: id=1767683626826a5i7w, label="Go to the kitchen"
[PlayerOption] Added: id=1767683628384wltn6, label="Go to the living room"
[PlayerOption] Added: id=17676836283844yz0p, label="Check the fridge"
[GameText] Updated text: "You are in the kitchen. The sm..."
[PlayerOption] Added: id=1767683628384dmn9b, label="Examine basement door"
[DEBUG] Player has key in inventory: true
[PlayerOption] Removed: id=1767683628384dmn9b, label="Examine basement door"
[PlayerOption] Removed: id=17676836283844yz0p, label="Check the fridge"
[PlayerOption] Removed: id=1767683628384wltn6, label="Go to the living room"
[PlayerOption] Added: id=1767683628799ywwj7, label="Go to the living room"
[PlayerOption] Added: id=1767683628799a7vwp, label="Check the fridge"
[GameText] Updated text: "You are in the kitchen. The sm..."
[PlayerOption] Added: id=17676836288007x2ls, label="Unlock basement door"
[GameText] Updated text: "You use the small brass key to..."
[PlayerOption] Removed: id=17676836288007x2ls, label="Unlock basement door"
[PlayerOption] Removed: id=1767683628799a7vwp, label="Check the fridge"
[PlayerOption] Removed: id=1767683628799ywwj7, label="Go to the living room"
[PlayerOption] Added: id=1767683629147ojq45, label="Return to the kitchen"
[PlayerOption] Added: id=1767683629148278l5, label="Descend into the basement"
[PlayerOption] Removed: id=1767683629148278l5, label="Descend into the basement"
[PlayerOption] Removed: id=1767683629147ojq45, label="Return to the kitchen"
[GameText] Updated text: "You are in the basement. The a..."

[2026-01-06T07:18:40.874Z] App launched.

[2026-01-06T07:21:04.250Z] App launched.
[GameText] Updated text: "You wake up in your grandfathe..."
[PlayerOption] Added: id=17676840645133zv0c, label="Look outside"
[GameText] Updated text: "Suddenly, a loud alarm blares ..."
[PlayerOption] Removed: id=17676840645133zv0c, label="Look outside"
[PlayerOption] Added: id=1767684065353zmkyn, label="Explore the house"
[PlayerOption] Removed: id=1767684065353zmkyn, label="Explore the house"
[GameText] Updated text: "You are in the living room. Th..."
[PlayerOption] Added: id=17676840658796lqza, label="Go to the kitchen"
[PlayerOption] Added: id=1767684065879kqbsz, label="Go to the study"
[PlayerOption] Added: id=1767684065879r6dym, label="Check photos"
[GameText] Updated text: "You step closer to the wall, e..."
[GameText] Updated text: "

The key looks important. You..."
[PlayerOption] Removed: id=1767684065879r6dym, label="Check photos"
[PlayerOption] Added: id=1767684066449xvrvb, label="Take the key"
[Inventory] Added item: "Small Brass Key" at (0,0)
[GameText] Updated text: "You carefully peel the key fro..."
[PlayerOption] Removed: id=1767684066449xvrvb, label="Take the key"
[PlayerOption] Added: id=1767684067122ibtum, label="Check photos"
[PlayerOption] Removed: id=1767684067122ibtum, label="Check photos"
[PlayerOption] Removed: id=1767684065879kqbsz, label="Go to the study"
[PlayerOption] Removed: id=17676840658796lqza, label="Go to the kitchen"
[PlayerOption] Added: id=17676840676217l2bs, label="Go to the living room"
[PlayerOption] Added: id=1767684067621bw138, label="Check the fridge"
[GameText] Updated text: "You are in the kitchen. The sm..."
[PlayerOption] Added: id=1767684067621jyxpv, label="Examine basement door"
[DEBUG] Player has key in inventory: true
[PlayerOption] Removed: id=1767684067621jyxpv, label="Examine basement door"
[PlayerOption] Removed: id=1767684067621bw138, label="Check the fridge"
[PlayerOption] Removed: id=17676840676217l2bs, label="Go to the living room"
[PlayerOption] Added: id=1767684068265rlawr, label="Go to the living room"
[PlayerOption] Added: id=1767684068265n3877, label="Check the fridge"
[GameText] Updated text: "You are in the kitchen. The sm..."
[PlayerOption] Added: id=1767684068265zg1tk, label="Unlock basement door"
[GameText] Updated text: "You use the small brass key to..."
[PlayerOption] Removed: id=1767684068265zg1tk, label="Unlock basement door"
[PlayerOption] Removed: id=1767684068265n3877, label="Check the fridge"
[PlayerOption] Removed: id=1767684068265rlawr, label="Go to the living room"
[PlayerOption] Added: id=1767684068956hz7ph, label="Return to the kitchen"
[PlayerOption] Added: id=1767684068956oahe3, label="Descend into the basement"
[PlayerOption] Removed: id=1767684068956oahe3, label="Descend into the basement"
[PlayerOption] Removed: id=1767684068956hz7ph, label="Return to the kitchen"
[GameText] Updated text: "You are in the basement. The a..."
[PlayerOption] Added: id=1767684070251bh8wk, label="Go to the kitchen"
[PlayerOption] Removed: id=1767684070251bh8wk, label="Go to the kitchen"
[PlayerOption] Added: id=1767684073347uekxt, label="Go to the living room"
[PlayerOption] Added: id=1767684073348p4ip7, label="Check the fridge"
[GameText] Updated text: "You are in the kitchen. The sm..."
[PlayerOption] Added: id=1767684073348a2g7f, label="Go to the basement"
[PlayerOption] Removed: id=1767684073348a2g7f, label="Go to the basement"
[PlayerOption] Removed: id=1767684073348p4ip7, label="Check the fridge"
[PlayerOption] Removed: id=1767684073347uekxt, label="Go to the living room"
[GameText] Updated text: "You are in the living room. Th..."
[PlayerOption] Added: id=1767684082980s6bi3, label="Go to the kitchen"
[PlayerOption] Added: id=1767684082980n64z4, label="Go to the study"
[PlayerOption] Added: id=17676840829805drti, label="Check photos"
[PlayerOption] Removed: id=17676840829805drti, label="Check photos"
[PlayerOption] Removed: id=1767684082980n64z4, label="Go to the study"
[PlayerOption] Removed: id=1767684082980s6bi3, label="Go to the kitchen"
[GameText] Updated text: "You are in the study. Books li..."
[PlayerOption] Added: id=1767684086469fzqo6, label="Go to the living room"
[PlayerOption] Added: id=1767684086469ebpvv, label="Check the desk"
[PlayerOption] Added: id=1767684086469xnkiz, label="Browse the bookshelves"
[GameText] Updated text: "You scan the bookshelves. Ther..."

[2026-01-06T07:24:33.545Z] App launched.
[GameText] Updated text: "You wake up in your grandfathe..."
[PlayerOption] Added: id=1767684273821xf7c5, label="Look outside"
[GameText] Updated text: "Suddenly, a loud alarm blares ..."
[PlayerOption] Removed: id=1767684273821xf7c5, label="Look outside"
[PlayerOption] Added: id=17676842750945dzp2, label="Explore the house"
[PlayerOption] Removed: id=17676842750945dzp2, label="Explore the house"
[GameText] Updated text: "You are in the living room. Th..."
[PlayerOption] Added: id=1767684275492k31mq, label="Go to the kitchen"
[PlayerOption] Added: id=1767684275492850pf, label="Go to the study"
[PlayerOption] Added: id=1767684275493u1r6p, label="Check photos"
[PlayerOption] Removed: id=1767684275493u1r6p, label="Check photos"
[PlayerOption] Removed: id=1767684275492850pf, label="Go to the study"
[PlayerOption] Removed: id=1767684275492k31mq, label="Go to the kitchen"
[GameText] Updated text: "You are in the study. Books li..."
[PlayerOption] Added: id=1767684276299srvqe, label="Go to the living room"
[PlayerOption] Added: id=1767684276300zs83m, label="Check the desk"
[PlayerOption] Added: id=1767684276300q38ht, label="Browse the bookshelves"
[GameText] Updated text: "You rummage through the desk d..."
[Inventory] Added item: "Flashlight" at (0,0)
[GameText] Updated text: "You rummage through the desk d..."
[PlayerOption] Removed: id=1767684276300q38ht, label="Browse the bookshelves"
[PlayerOption] Removed: id=1767684276300zs83m, label="Check the desk"
[PlayerOption] Removed: id=1767684276299srvqe, label="Go to the living room"
[GameText] Updated text: "You are in the living room. Th..."
[PlayerOption] Added: id=17676842883942l8py, label="Go to the kitchen"
[PlayerOption] Added: id=1767684288395bv2ag, label="Go to the study"
[PlayerOption] Added: id=176768428839549p4q, label="Check photos"
[GameText] Updated text: "You step closer to the wall, e..."
[GameText] Updated text: "

The key looks important. You..."
[PlayerOption] Removed: id=176768428839549p4q, label="Check photos"
[PlayerOption] Added: id=1767684288914pme6a, label="Take the key"
[Inventory] Added item: "Small Brass Key" at (0,1)
[GameText] Updated text: "You carefully peel the key fro..."
[PlayerOption] Removed: id=1767684288914pme6a, label="Take the key"
[PlayerOption] Added: id=1767684289724sgmtm, label="Check photos"
[PlayerOption] Removed: id=1767684289724sgmtm, label="Check photos"
[PlayerOption] Removed: id=1767684288395bv2ag, label="Go to the study"
[PlayerOption] Removed: id=17676842883942l8py, label="Go to the kitchen"
[PlayerOption] Added: id=17676842901886i89u, label="Go to the living room"
[PlayerOption] Added: id=1767684290188lo42t, label="Check the fridge"
[GameText] Updated text: "You are in the kitchen. The sm..."
[PlayerOption] Added: id=17676842901891pmx1, label="Examine basement door"
[DEBUG] Player has key in inventory: true
[PlayerOption] Removed: id=17676842901891pmx1, label="Examine basement door"
[PlayerOption] Removed: id=1767684290188lo42t, label="Check the fridge"
[PlayerOption] Removed: id=17676842901886i89u, label="Go to the living room"
[PlayerOption] Added: id=1767684290892wumek, label="Go to the living room"
[PlayerOption] Added: id=1767684290892ie5j6, label="Check the fridge"
[GameText] Updated text: "You are in the kitchen. The sm..."
[PlayerOption] Added: id=1767684290893xqmqk, label="Unlock basement door"
[GameText] Updated text: "You use the small brass key to..."
[PlayerOption] Removed: id=1767684290893xqmqk, label="Unlock basement door"
[PlayerOption] Removed: id=1767684290892ie5j6, label="Check the fridge"
[PlayerOption] Removed: id=1767684290892wumek, label="Go to the living room"
[PlayerOption] Added: id=176768429312491sdg, label="Return to the kitchen"
[PlayerOption] Added: id=1767684293124viubw, label="Descend into the basement"
[PlayerOption] Removed: id=1767684293124viubw, label="Descend into the basement"
[PlayerOption] Removed: id=176768429312491sdg, label="Return to the kitchen"
[GameText] Updated text: "You are in the basement. The a..."
[PlayerOption] Added: id=176768429556996wh9, label="Go to the kitchen"
[PlayerOption] Current options:
  id=176768429556996wh9, label="Go to the kitchen"
[GameText] Updated text: "Inventory:..."
[Inventory] Item action selected: item="Flashlight", actionText="Drop", functionFile="undefined", functionName="undefined"
[Inventory] Removed item: "Flashlight" from (0,0)
[GameText] Updated text: "You are in the basement. The a..."
[PlayerOption] Current options:
  id=176768429556996wh9, label="Go to the kitchen"
[PlayerOption] Removed: id=176768429556996wh9, label="Go to the kitchen"
[PlayerOption] Added: id=1767684308821hi2c5, label="Go to the living room"
[PlayerOption] Added: id=1767684308821g9v3m, label="Check the fridge"
[GameText] Updated text: "You are in the kitchen. The sm..."
[PlayerOption] Added: id=1767684308821b1qfm, label="Go to the basement"
[GameText] Updated text: "A dark staircase descends into..."
[PlayerOption] Removed: id=1767684308821b1qfm, label="Go to the basement"
[PlayerOption] Removed: id=1767684308821g9v3m, label="Check the fridge"
[PlayerOption] Removed: id=1767684308821hi2c5, label="Go to the living room"
[PlayerOption] Added: id=176768430988029mi5, label="Return to the kitchen"
[PlayerOption] Added: id=1767684309880ftikp, label="Descend into the basement"
[PlayerOption] Removed: id=1767684309880ftikp, label="Descend into the basement"
[PlayerOption] Removed: id=176768430988029mi5, label="Return to the kitchen"
[GameText] Updated text: "You are in the basement. The a..."
[PlayerOption] Added: id=17676843117895t5sz, label="Go to the kitchen"
[PlayerOption] Removed: id=17676843117895t5sz, label="Go to the kitchen"
[PlayerOption] Added: id=176768431919104niv, label="Go to the living room"
[PlayerOption] Added: id=1767684319191y731a, label="Check the fridge"
[GameText] Updated text: "You are in the kitchen. The sm..."
[PlayerOption] Added: id=1767684319191z8e51, label="Go to the basement"
[PlayerOption] Removed: id=1767684319191z8e51, label="Go to the basement"
[PlayerOption] Removed: id=1767684319191y731a, label="Check the fridge"
[PlayerOption] Removed: id=176768431919104niv, label="Go to the living room"
[GameText] Updated text: "You are in the living room. Th..."
[PlayerOption] Added: id=17676843209419ovlm, label="Go to the kitchen"
[PlayerOption] Added: id=1767684320941kqipf, label="Go to the study"
[PlayerOption] Added: id=1767684320942rjo8z, label="Check photos"
[PlayerOption] Removed: id=1767684320942rjo8z, label="Check photos"
[PlayerOption] Removed: id=1767684320941kqipf, label="Go to the study"
[PlayerOption] Removed: id=17676843209419ovlm, label="Go to the kitchen"
[GameText] Updated text: "You are in the study. Books li..."
[PlayerOption] Added: id=1767684321645q5zr4, label="Go to the living room"
[PlayerOption] Added: id=17676843216457v1ls, label="Check the desk"
[PlayerOption] Added: id=1767684321645u8k2g, label="Browse the bookshelves"
[GameText] Updated text: "You rummage through the desk d..."
[Inventory] Added item: "Flashlight" at (0,0)
[PlayerOption] Removed: id=1767684321645u8k2g, label="Browse the bookshelves"
[PlayerOption] Removed: id=17676843216457v1ls, label="Check the desk"
[PlayerOption] Removed: id=1767684321645q5zr4, label="Go to the living room"
[GameText] Updated text: "You are in the living room. Th..."
[PlayerOption] Added: id=1767684325843x2cjz, label="Go to the kitchen"
[PlayerOption] Added: id=1767684325843mvt7i, label="Go to the study"
[PlayerOption] Added: id=17676843258435y3vu, label="Check photos"
[PlayerOption] Removed: id=17676843258435y3vu, label="Check photos"
[PlayerOption] Removed: id=1767684325843mvt7i, label="Go to the study"
[PlayerOption] Removed: id=1767684325843x2cjz, label="Go to the kitchen"
[PlayerOption] Added: id=1767684328938tsamv, label="Go to the living room"
[PlayerOption] Added: id=1767684328938zhd1c, label="Check the fridge"
[GameText] Updated text: "You are in the kitchen. The sm..."
[PlayerOption] Added: id=1767684328939jenh6, label="Go to the basement"
[GameText] Updated text: "A dark staircase descends into..."
[PlayerOption] Removed: id=1767684328939jenh6, label="Go to the basement"
[PlayerOption] Removed: id=1767684328938zhd1c, label="Check the fridge"
[PlayerOption] Removed: id=1767684328938tsamv, label="Go to the living room"
[PlayerOption] Added: id=1767684330473oj6uj, label="Return to the kitchen"
[PlayerOption] Added: id=1767684330474srqbx, label="Descend into the basement"
[PlayerOption] Removed: id=1767684330474srqbx, label="Descend into the basement"
[PlayerOption] Removed: id=1767684330473oj6uj, label="Return to the kitchen"
[GameText] Updated text: "You are in the basement. The a..."
[PlayerOption] Added: id=1767684333300rt0a4, label="Go to the kitchen"
